<?xml version="1.0" encoding="UTF-8"?>
<testng-results ignored="0" total="2" passed="2" failed="0" skipped="0">
  <reporter-output>
  </reporter-output>
  <suite started-at="2023-07-08T13:19:17 IST" name="Suite" finished-at="2023-07-08T13:19:45 IST" duration-ms="28120">
    <groups>
    </groups>
    <test started-at="2023-07-08T13:19:17 IST" name="Test" finished-at="2023-07-08T13:19:45 IST" duration-ms="28120">
      <class name="tests.OrangeHRMLoginTest">
        <test-method is-config="true" signature="setup()[pri:0, instance:tests.OrangeHRMLoginTest@7c417213]" started-at="2023-07-08T13:19:17 IST" name="setup" finished-at="2023-07-08T13:19:32 IST" duration-ms="15630" status="PASS">
          <reporter-output>
          </reporter-output>
        </test-method> <!-- setup -->
        <test-method signature="loginOrangeHRMTest()[pri:0, instance:tests.OrangeHRMLoginTest@7c417213]" started-at="2023-07-08T13:19:32 IST" name="loginOrangeHRMTest" finished-at="2023-07-08T13:19:40 IST" duration-ms="7279" status="PASS">
          <reporter-output>
          </reporter-output>
        </test-method> <!-- loginOrangeHRMTest -->
        <test-method is-config="true" signature="afterMethod()[pri:0, instance:tests.OrangeHRMLoginTest@7c417213]" started-at="2023-07-08T13:19:40 IST" name="afterMethod" finished-at="2023-07-08T13:19:41 IST" duration-ms="1173" status="PASS">
          <reporter-output>
          </reporter-output>
        </test-method> <!-- afterMethod -->
      </class> <!-- tests.OrangeHRMLoginTest -->
      <class name="tests.FirstTestNG_Test1">
        <test-method signature="f()[pri:0, instance:tests.FirstTestNG_Test1@4c15e7fd]" started-at="2023-07-08T13:19:41 IST" name="f" finished-at="2023-07-08T13:19:44 IST" duration-ms="3585" status="PASS">
          <reporter-output>
          </reporter-output>
        </test-method> <!-- f -->
        <test-method is-config="true" signature="beforeMethod()[pri:0, instance:tests.FirstTestNG_Test1@4c15e7fd]" started-at="2023-07-08T13:19:41 IST" name="beforeMethod" finished-at="2023-07-08T13:19:41 IST" duration-ms="0" status="PASS">
          <reporter-output>
          </reporter-output>
        </test-method> <!-- beforeMethod -->
        <test-method is-config="true" signature="afterMethod()[pri:0, instance:tests.FirstTestNG_Test1@4c15e7fd]" started-at="2023-07-08T13:19:44 IST" name="afterMethod" finished-at="2023-07-08T13:19:45 IST" duration-ms="392" status="PASS">
          <reporter-output>
          </reporter-output>
        </test-method> <!-- afterMethod -->
      </class> <!-- tests.FirstTestNG_Test1 -->
    </test> <!-- Test -->
  </suite> <!-- Suite -->
</testng-results>
